{"level":30,"time":1667136618395,"pid":7624,"hostname":"DESKTOP-D6PO1FN","msg":"Entregando información del sistema correcto"}
{"level":30,"time":1667141262770,"pid":9240,"hostname":"DESKTOP-D6PO1FN","msg":"Entregando información del sistema correcto"}
{"level":30,"time":1667141861776,"pid":14420,"hostname":"DESKTOP-D6PO1FN","msg":"Entregando información del sistema correcto"}
{"level":30,"time":1667141874780,"pid":1864,"hostname":"DESKTOP-D6PO1FN","msg":"Entregando información del sistema correcto"}
{"level":30,"time":1667141874856,"pid":10464,"hostname":"DESKTOP-D6PO1FN","msg":"Entregando información del sistema correcto"}
{"level":30,"time":1667142225305,"pid":11212,"hostname":"DESKTOP-D6PO1FN","msg":"Entregando información del sistema correcto"}
{"level":30,"time":1667143262809,"pid":2252,"hostname":"DESKTOP-D6PO1FN","msg":"Entregando información del sistema correcto"}
{"level":30,"time":1667214179113,"pid":12876,"hostname":"DESKTOP-D6PO1FN","msg":"Entregando información del sistema correcto"}
{"level":40,"time":1667214401400,"pid":12876,"hostname":"DESKTOP-D6PO1FN","msg":"Ruta no implementada"}
{"level":40,"time":1667214403452,"pid":12876,"hostname":"DESKTOP-D6PO1FN","msg":"Ruta no implementada"}
{"level":30,"time":1667214413710,"pid":12876,"hostname":"DESKTOP-D6PO1FN","msg":"Ruta accedida"}
{"level":40,"time":1667214414739,"pid":12876,"hostname":"DESKTOP-D6PO1FN","msg":"Ruta no implementada"}
{"level":40,"time":1667214435363,"pid":12876,"hostname":"DESKTOP-D6PO1FN","msg":"Ruta no implementada"}
{"level":40,"time":1667214435863,"pid":12876,"hostname":"DESKTOP-D6PO1FN","msg":"Ruta no implementada"}
{"level":30,"time":1667214442908,"pid":12876,"hostname":"DESKTOP-D6PO1FN","msg":"Ruta accedida"}
{"level":40,"time":1667214443410,"pid":12876,"hostname":"DESKTOP-D6PO1FN","msg":"Ruta no implementada"}
{"level":30,"time":1668264826990,"pid":5180,"hostname":"DESKTOP-D6PO1FN","msg":"Entregando información del sistema correcto"}
{"level":40,"time":1668264869227,"pid":5180,"hostname":"DESKTOP-D6PO1FN","msg":"Ruta no implementada"}
{"level":40,"time":1668264870128,"pid":5180,"hostname":"DESKTOP-D6PO1FN","msg":"Ruta no implementada"}
{"level":40,"time":1668264878139,"pid":5180,"hostname":"DESKTOP-D6PO1FN","msg":"Ruta no implementada"}
{"level":40,"time":1668264879682,"pid":5180,"hostname":"DESKTOP-D6PO1FN","msg":"Ruta no implementada"}
{"level":40,"time":1668264883015,"pid":5180,"hostname":"DESKTOP-D6PO1FN","msg":"Ruta no implementada"}
{"level":40,"time":1668264884004,"pid":5180,"hostname":"DESKTOP-D6PO1FN","msg":"Ruta no implementada"}
{"level":30,"time":1668264887195,"pid":5180,"hostname":"DESKTOP-D6PO1FN","msg":"Ruta accedida"}
{"level":40,"time":1668264888502,"pid":5180,"hostname":"DESKTOP-D6PO1FN","msg":"Ruta no implementada"}
{"level":40,"time":1668264891288,"pid":5180,"hostname":"DESKTOP-D6PO1FN","msg":"Ruta no implementada"}
{"level":40,"time":1668264899299,"pid":5180,"hostname":"DESKTOP-D6PO1FN","msg":"Ruta no implementada"}
{"level":40,"time":1668264899926,"pid":5180,"hostname":"DESKTOP-D6PO1FN","msg":"Ruta no implementada"}
{"level":40,"time":1668264901379,"pid":5180,"hostname":"DESKTOP-D6PO1FN","msg":"Ruta no implementada"}
{"level":40,"time":1668264901916,"pid":5180,"hostname":"DESKTOP-D6PO1FN","msg":"Ruta no implementada"}
{"level":40,"time":1668264906263,"pid":5180,"hostname":"DESKTOP-D6PO1FN","msg":"Ruta no implementada"}
{"level":40,"time":1668264906633,"pid":5180,"hostname":"DESKTOP-D6PO1FN","msg":"Ruta no implementada"}
{"level":40,"time":1668264910957,"pid":5180,"hostname":"DESKTOP-D6PO1FN","msg":"Ruta no implementada"}
{"level":40,"time":1668264911550,"pid":5180,"hostname":"DESKTOP-D6PO1FN","msg":"Ruta no implementada"}
{"level":40,"time":1668264913894,"pid":5180,"hostname":"DESKTOP-D6PO1FN","msg":"Ruta no implementada"}
{"level":40,"time":1668264914409,"pid":5180,"hostname":"DESKTOP-D6PO1FN","msg":"Ruta no implementada"}
{"level":30,"time":1668958299491,"pid":9352,"hostname":"DESKTOP-E65QVB9","msg":"Entregando información del sistema correcto"}
{"level":40,"time":1668958314229,"pid":9352,"hostname":"DESKTOP-E65QVB9","msg":"Ruta no implementada"}
{"level":40,"time":1668958314645,"pid":9352,"hostname":"DESKTOP-E65QVB9","msg":"Ruta no implementada"}
{"level":40,"time":1668958319707,"pid":9352,"hostname":"DESKTOP-E65QVB9","msg":"Ruta no implementada"}
{"level":40,"time":1668958320091,"pid":9352,"hostname":"DESKTOP-E65QVB9","msg":"Ruta no implementada"}
{"level":40,"time":1668958328645,"pid":9352,"hostname":"DESKTOP-E65QVB9","msg":"Ruta no implementada"}
{"level":40,"time":1668958329004,"pid":9352,"hostname":"DESKTOP-E65QVB9","msg":"Ruta no implementada"}
{"level":30,"time":1668969104770,"pid":10600,"hostname":"DESKTOP-E65QVB9","msg":"Entregando información del sistema correcto"}
{"level":40,"time":1668969124580,"pid":10600,"hostname":"DESKTOP-E65QVB9","msg":"Ruta no implementada"}
{"level":40,"time":1668969125328,"pid":10600,"hostname":"DESKTOP-E65QVB9","msg":"Ruta no implementada"}
{"level":40,"time":1668969131566,"pid":10600,"hostname":"DESKTOP-E65QVB9","msg":"Ruta no implementada"}
{"level":40,"time":1668969132075,"pid":10600,"hostname":"DESKTOP-E65QVB9","msg":"Ruta no implementada"}
{"level":40,"time":1668969151518,"pid":10600,"hostname":"DESKTOP-E65QVB9","msg":"Ruta no implementada"}
{"level":40,"time":1668969151942,"pid":10600,"hostname":"DESKTOP-E65QVB9","msg":"Ruta no implementada"}
{"level":40,"time":1668969154912,"pid":10600,"hostname":"DESKTOP-E65QVB9","msg":"Ruta no implementada"}
{"level":40,"time":1668969155426,"pid":10600,"hostname":"DESKTOP-E65QVB9","msg":"Ruta no implementada"}
{"level":40,"time":1668969160831,"pid":10600,"hostname":"DESKTOP-E65QVB9","msg":"Ruta no implementada"}
{"level":40,"time":1668969161772,"pid":10600,"hostname":"DESKTOP-E65QVB9","msg":"Ruta no implementada"}
{"level":30,"time":1668969297980,"pid":11592,"hostname":"DESKTOP-E65QVB9","msg":"Entregando información del sistema correcto"}
{"level":40,"time":1668969304314,"pid":11592,"hostname":"DESKTOP-E65QVB9","msg":"Ruta no implementada"}
{"level":40,"time":1668969304703,"pid":11592,"hostname":"DESKTOP-E65QVB9","msg":"Ruta no implementada"}
{"level":40,"time":1668969309218,"pid":11592,"hostname":"DESKTOP-E65QVB9","msg":"Ruta no implementada"}
{"level":40,"time":1668969309605,"pid":11592,"hostname":"DESKTOP-E65QVB9","msg":"Ruta no implementada"}
{"level":30,"time":1668970051017,"pid":612,"hostname":"DESKTOP-E65QVB9","msg":"Entregando información del sistema correcto"}
{"level":40,"time":1668970055181,"pid":612,"hostname":"DESKTOP-E65QVB9","msg":"Ruta no implementada"}
{"level":40,"time":1668970056246,"pid":612,"hostname":"DESKTOP-E65QVB9","msg":"Ruta no implementada"}
{"level":40,"time":1668970061701,"pid":612,"hostname":"DESKTOP-E65QVB9","msg":"Ruta no implementada"}
{"level":40,"time":1668970062084,"pid":612,"hostname":"DESKTOP-E65QVB9","msg":"Ruta no implementada"}
{"level":30,"time":1668970537681,"pid":18664,"hostname":"DESKTOP-E65QVB9","msg":"Entregando información del sistema correcto"}
{"level":40,"time":1668970541666,"pid":18664,"hostname":"DESKTOP-E65QVB9","msg":"Ruta no implementada"}
{"level":40,"time":1668970542540,"pid":18664,"hostname":"DESKTOP-E65QVB9","msg":"Ruta no implementada"}
{"level":40,"time":1668970542950,"pid":18664,"hostname":"DESKTOP-E65QVB9","msg":"Ruta no implementada"}
{"level":40,"time":1668970548075,"pid":18664,"hostname":"DESKTOP-E65QVB9","msg":"Ruta no implementada"}
{"level":40,"time":1668970548477,"pid":18664,"hostname":"DESKTOP-E65QVB9","msg":"Ruta no implementada"}
{"level":40,"time":1668970552064,"pid":18664,"hostname":"DESKTOP-E65QVB9","msg":"Ruta no implementada"}
{"level":40,"time":1668970552472,"pid":18664,"hostname":"DESKTOP-E65QVB9","msg":"Ruta no implementada"}
{"level":40,"time":1668970861440,"pid":18664,"hostname":"DESKTOP-E65QVB9","msg":"Ruta no implementada"}
{"level":40,"time":1668970861812,"pid":18664,"hostname":"DESKTOP-E65QVB9","msg":"Ruta no implementada"}
{"level":40,"time":1668970864079,"pid":18664,"hostname":"DESKTOP-E65QVB9","msg":"Ruta no implementada"}
{"level":40,"time":1668970864473,"pid":18664,"hostname":"DESKTOP-E65QVB9","msg":"Ruta no implementada"}
